<!DOCTYPE html PUBLIC "-//W3C//DTD XHTML 1.1//EN" "https://www.w3.org/TR/xhtml11/DTD/xhtml11.dtd">
<html xmlns="https://www.w3.org/1999/xhtml">
<head>
<meta http-equiv="content-type" content="text/html; charset=UTF-8"/>
<title>TestNG Report</title>
<style type="text/css">table {margin-bottom:10px;border-collapse:collapse;empty-cells:show}th,td {border:1px solid #009;padding:.25em .5em}th {vertical-align:bottom}td {vertical-align:top}table a {font-weight:bold}.stripe td {background-color: #E6EBF9}.num {text-align:right}.passedodd td {background-color: #3F3}.passedeven td {background-color: #0A0}.skippedodd td {background-color: #DDD}.skippedeven td {background-color: #CCC}.failedodd td,.attn {background-color: #F33}.failedeven td,.stripe .attn {background-color: #D00}.stacktrace {white-space:pre;font-family:monospace}.totop {font-size:85%;text-align:center;border-bottom:2px solid #000}.invisible {display:none}</style>
</head>
<body>
<table>
<tr><th>Test</th><th># Passed</th><th># Skipped</th><th># Retried</th><th># Failed</th><th>Time (ms)</th><th>Included Groups</th><th>Excluded Groups</th></tr>
<tr><th colspan="8">Suite</th></tr>
<tr><td><a href="#t0">CartPage Tests</a></td><td class="num">6</td><td class="num">0</td><td class="num">0</td><td class="num attn">1</td><td class="num">36,032</td><td></td><td></td></tr>
<tr class="stripe"><td><a href="#t1">Logout Tests</a></td><td class="num">1</td><td class="num">0</td><td class="num">0</td><td class="num">0</td><td class="num">15,433</td><td></td><td></td></tr>
<tr><td><a href="#t2">CheckoutPage Tests</a></td><td class="num">6</td><td class="num">0</td><td class="num">0</td><td class="num attn">1</td><td class="num">118,768</td><td></td><td></td></tr>
<tr class="stripe"><td><a href="#t3">HomePage Tests</a></td><td class="num">6</td><td class="num">0</td><td class="num">0</td><td class="num attn">1</td><td class="num">55,057</td><td></td><td></td></tr>
<tr><td><a href="#t4">Login Tests</a></td><td class="num">9</td><td class="num">0</td><td class="num">0</td><td class="num">0</td><td class="num">14,676</td><td></td><td></td></tr>
<tr class="stripe"><td><a href="#t5">Confirmation Tests</a></td><td class="num">2</td><td class="num">0</td><td class="num">0</td><td class="num">0</td><td class="num">7,018</td><td></td><td></td></tr>
<tr><th>Total</th><th class="num">30</th><th class="num">0</th><th class="num">0</th><th class="num attn">3</th><th class="num">246,984</th><th colspan="2"></th></tr>
</table>
<table id='summary'><thead><tr><th>Class</th><th>Method</th><th>Start</th><th>Time (ms)</th></tr></thead><tbody><tr><th colspan="4">Suite</th></tr></tbody><tbody id="t0"><tr><th colspan="4">CartPage Tests &#8212; failed</th></tr><tr class="failedeven"><td rowspan="1">tests.CartPage.Test_CartItem</td><td><a href="#m0">verifyCheckoutButtonBehavior</a></td><td rowspan="1">1757265235647</td><td rowspan="1">381</td></tr><tr><th colspan="4">CartPage Tests &#8212; passed</th></tr><tr class="passedeven"><td rowspan="1">tests.CartPage.Test_CartCheckout</td><td><a href="#m1">verifyCheckout</a></td><td rowspan="1">1757265241567</td><td rowspan="1">4600</td></tr><tr class="passedodd"><td rowspan="2">tests.CartPage.Test_CartItem</td><td><a href="#m2">verifyAddedProductsAreInCart</a></td><td rowspan="1">1757265234453</td><td rowspan="1">1027</td></tr><tr class="passedodd"><td><a href="#m3">verifyRemoveProductFromCart</a></td><td rowspan="1">1757265235488</td><td rowspan="1">153</td></tr><tr class="passedeven"><td rowspan="3">tests.CartPage.Test_CartNavigation</td><td><a href="#m4">verifyCartIsEmptyInitially</a></td><td rowspan="1">1757265227737</td><td rowspan="1">167</td></tr><tr class="passedeven"><td><a href="#m5">verifyCartPageOpens</a></td><td rowspan="1">1757265217320</td><td rowspan="1">10328</td></tr><tr class="passedeven"><td><a href="#m6">verifyContinueShoppingButton</a></td><td rowspan="1">1757265227911</td><td rowspan="1">1217</td></tr></tbody>
<tbody id="t1"><tr><th colspan="4">Logout Tests &#8212; passed</th></tr><tr class="passedeven"><td rowspan="1">tests.Test_LogOut</td><td><a href="#m7">testLogOut</a></td><td rowspan="1">1757265250412</td><td rowspan="1">10798</td></tr></tbody>
<tbody id="t2"><tr><th colspan="4">CheckoutPage Tests &#8212; failed</th></tr><tr class="failedeven"><td rowspan="1">tests.CheckoutPage.Test_verifyForm</td><td><a href="#m8">testCheckoutProcess</a></td><td rowspan="1">1757265299577</td><td rowspan="1">676</td></tr><tr><th colspan="4">CheckoutPage Tests &#8212; passed</th></tr><tr class="passedeven"><td rowspan="1">tests.CheckoutPage.Test_FinishCheckout</td><td><a href="#m9">testFinishCheckout</a></td><td rowspan="1">1757265380357</td><td rowspan="1">137</td></tr><tr class="passedodd"><td rowspan="5">tests.CheckoutPage.Test_verifyForm</td><td><a href="#m10">testCheckoutProcess</a></td><td rowspan="5">1757265266343</td><td rowspan="5">678</td></tr><tr class="passedodd"><td><a href="#m11">testCheckoutProcess</a></td></tr><tr class="passedodd"><td><a href="#m12">testCheckoutProcess</a></td></tr><tr class="passedodd"><td><a href="#m13">testCheckoutProcess</a></td></tr><tr class="passedodd"><td><a href="#m14">testCheckoutProcess</a></td></tr></tbody>
<tbody id="t3"><tr><th colspan="4">HomePage Tests &#8212; failed</th></tr><tr class="failedeven"><td rowspan="1">tests.HomePage.Test_AddRemoveProduct</td><td><a href="#m15">addProductAndRemove</a></td><td rowspan="1">1757265390063</td><td rowspan="1">5352</td></tr><tr><th colspan="4">HomePage Tests &#8212; passed</th></tr><tr class="passedeven"><td rowspan="1">tests.HomePage.Test_AddRemoveProduct</td><td><a href="#m16">addProduct</a></td><td rowspan="1">1757265384706</td><td rowspan="1">5353</td></tr><tr class="passedodd"><td rowspan="1">tests.HomePage.Test_CheckQuantityInCart</td><td><a href="#m17">checkQuantity</a></td><td rowspan="1">1757265399736</td><td rowspan="1">16208</td></tr><tr class="passedeven"><td rowspan="4">tests.HomePage.Test_SortOption</td><td><a href="#m18">testSortByNameAToZ</a></td><td rowspan="1">1757265428912</td><td rowspan="1">225</td></tr><tr class="passedeven"><td><a href="#m19">testSortByNameZToA</a></td><td rowspan="1">1757265429141</td><td rowspan="1">280</td></tr><tr class="passedeven"><td><a href="#m20">testSortByPriceHighToLow</a></td><td rowspan="1">1757265429754</td><td rowspan="1">1216</td></tr><tr class="passedeven"><td><a href="#m21">testSortByPriceLowToHigh</a></td><td rowspan="1">1757265429426</td><td rowspan="1">324</td></tr></tbody>
<tbody id="t4"><tr><th colspan="4">Login Tests &#8212; passed</th></tr><tr class="passedeven"><td rowspan="9">tests.LoginPage.LoginPageTest</td><td><a href="#m22">invalidLogin_blankFields</a></td><td rowspan="1">1757265442634</td><td rowspan="1">636</td></tr><tr class="passedeven"><td><a href="#m23">invalidLogin_wrongPassword</a></td><td rowspan="1">1757265441140</td><td rowspan="1">768</td></tr><tr class="passedeven"><td><a href="#m24">invalidLogin_wrongUsername</a></td><td rowspan="1">1757265441917</td><td rowspan="1">711</td></tr><tr class="passedeven"><td><a href="#m25">lockedOutUserLogin</a></td><td rowspan="1">1757265443274</td><td rowspan="1">683</td></tr><tr class="passedeven"><td><a href="#m26">login_withCaseSensitiveUsername</a></td><td rowspan="1">1757265445085</td><td rowspan="1">684</td></tr><tr class="passedeven"><td><a href="#m27">login_withLongUsername</a></td><td rowspan="1">1757265446423</td><td rowspan="1">2987</td></tr><tr class="passedeven"><td><a href="#m28">login_withSQLInjectionString</a></td><td rowspan="1">1757265445772</td><td rowspan="1">646</td></tr><tr class="passedeven"><td><a href="#m29">login_withSpacesInUsername</a></td><td rowspan="1">1757265443979</td><td rowspan="1">1103</td></tr><tr class="passedeven"><td><a href="#m30">validLogin_standardUser</a></td><td rowspan="1">1757265439631</td><td rowspan="1">1494</td></tr></tbody>
<tbody id="t5"><tr><th colspan="4">Confirmation Tests &#8212; passed</th></tr><tr class="passedeven"><td rowspan="2">tests.ConfirmationPage.ConfirmationPageTest</td><td><a href="#m31">verifyBackHomeNavigation</a></td><td rowspan="1">1757265456906</td><td rowspan="1">195</td></tr><tr class="passedeven"><td><a href="#m32">verifyOrderConfirmationMessage</a></td><td rowspan="1">1757265456868</td><td rowspan="1">32</td></tr></tbody>
</table>
<h2>CartPage Tests</h2><h3 id="m0">tests.CartPage.Test_CartItem#verifyCheckoutButtonBehavior</h3><table class="result"><tr><th>Exception</th></tr><tr><td><div class="stacktrace">java.lang.AssertionError: ❌ Checkout button should be disabled when cart is empty!
	at org.junit.Assert.fail(Assert.java:89)
	at org.junit.Assert.assertTrue(Assert.java:42)
	at org.junit.Assert.assertFalse(Assert.java:65)
	at tests.CartPage.Test_CartItem.verifyCheckoutButtonBehavior(Test_CartItem.java:81)
	at java.base/java.util.ArrayList.forEach(ArrayList.java:1596)
... Removed 25 stack frames</div></td></tr></table><p class="totop"><a href="#summary">back to summary</a></p>
<h3 id="m1">tests.CartPage.Test_CartCheckout#verifyCheckout</h3><table class="result"><tr><th class="invisible"/></tr></table><p class="totop"><a href="#summary">back to summary</a></p>
<h3 id="m2">tests.CartPage.Test_CartItem#verifyAddedProductsAreInCart</h3><table class="result"><tr><th class="invisible"/></tr></table><p class="totop"><a href="#summary">back to summary</a></p>
<h3 id="m3">tests.CartPage.Test_CartItem#verifyRemoveProductFromCart</h3><table class="result"><tr><th class="invisible"/></tr></table><p class="totop"><a href="#summary">back to summary</a></p>
<h3 id="m4">tests.CartPage.Test_CartNavigation#verifyCartIsEmptyInitially</h3><table class="result"><tr><th class="invisible"/></tr></table><p class="totop"><a href="#summary">back to summary</a></p>
<h3 id="m5">tests.CartPage.Test_CartNavigation#verifyCartPageOpens</h3><table class="result"><tr><th class="invisible"/></tr></table><p class="totop"><a href="#summary">back to summary</a></p>
<h3 id="m6">tests.CartPage.Test_CartNavigation#verifyContinueShoppingButton</h3><table class="result"><tr><th class="invisible"/></tr></table><p class="totop"><a href="#summary">back to summary</a></p>
<h2>Logout Tests</h2><h3 id="m7">tests.Test_LogOut#testLogOut</h3><table class="result"><tr><th class="invisible"/></tr></table><p class="totop"><a href="#summary">back to summary</a></p>
<h2>CheckoutPage Tests</h2><h3 id="m8">tests.CheckoutPage.Test_verifyForm#testCheckoutProcess</h3><table class="result"><tr class="param"><th>Parameter #1</th><th>Parameter #2</th><th>Parameter #3</th><th>Parameter #4</th></tr><tr class="param stripe"><td>John</td><td>Doe</td><td>ABCD</td><td>false</td></tr><tr><th colspan="4">Exception</th></tr><tr><td colspan="4"><div class="stacktrace">java.lang.AssertionError: ❌ Expected error but proceeded to Checkout Overview.
	at org.junit.Assert.fail(Assert.java:89)
	at org.junit.Assert.assertTrue(Assert.java:42)
	at org.junit.Assert.assertFalse(Assert.java:65)
	at tests.CheckoutPage.Test_verifyForm.testCheckoutProcess(Test_verifyForm.java:61)
	at java.base/java.util.ArrayList.forEach(ArrayList.java:1596)
... Removed 25 stack frames</div></td></tr></table><p class="totop"><a href="#summary">back to summary</a></p>
<h3 id="m9">tests.CheckoutPage.Test_FinishCheckout#testFinishCheckout</h3><table class="result"><tr><th class="invisible"/></tr></table><p class="totop"><a href="#summary">back to summary</a></p>
<h3 id="m10">tests.CheckoutPage.Test_verifyForm#testCheckoutProcess</h3><table class="result"><tr class="param"><th>Parameter #1</th><th>Parameter #2</th><th>Parameter #3</th><th>Parameter #4</th></tr><tr class="param stripe"><td>John</td><td>Doe</td><td>12345</td><td>true</td></tr></table><p class="totop"><a href="#summary">back to summary</a></p>
<h3 id="m11">tests.CheckoutPage.Test_verifyForm#testCheckoutProcess</h3><table class="result"><tr class="param"><th>Parameter #1</th><th>Parameter #2</th><th>Parameter #3</th><th>Parameter #4</th></tr><tr class="param stripe"><td></td><td>Doe</td><td>12345</td><td>false</td></tr></table><p class="totop"><a href="#summary">back to summary</a></p>
<h3 id="m12">tests.CheckoutPage.Test_verifyForm#testCheckoutProcess</h3><table class="result"><tr class="param"><th>Parameter #1</th><th>Parameter #2</th><th>Parameter #3</th><th>Parameter #4</th></tr><tr class="param stripe"><td>John</td><td></td><td>12345</td><td>false</td></tr></table><p class="totop"><a href="#summary">back to summary</a></p>
<h3 id="m13">tests.CheckoutPage.Test_verifyForm#testCheckoutProcess</h3><table class="result"><tr class="param"><th>Parameter #1</th><th>Parameter #2</th><th>Parameter #3</th><th>Parameter #4</th></tr><tr class="param stripe"><td>John</td><td>Doe</td><td></td><td>false</td></tr></table><p class="totop"><a href="#summary">back to summary</a></p>
<h3 id="m14">tests.CheckoutPage.Test_verifyForm#testCheckoutProcess</h3><table class="result"><tr class="param"><th>Parameter #1</th><th>Parameter #2</th><th>Parameter #3</th><th>Parameter #4</th></tr><tr class="param stripe"><td></td><td></td><td></td><td>false</td></tr></table><p class="totop"><a href="#summary">back to summary</a></p>
<h2>HomePage Tests</h2><h3 id="m15">tests.HomePage.Test_AddRemoveProduct#addProductAndRemove</h3><table class="result"><tr><th>Exception</th></tr><tr><td><div class="stacktrace">java.lang.AssertionError: Could not remove product: Sauce Labs Backpack
	at pages.HomePage.removeProducts(HomePage.java:163)
	at tests.HomePage.Test_AddRemoveProduct.addProductAndRemove(Test_AddRemoveProduct.java:32)
	at java.base/java.util.ArrayList.forEach(ArrayList.java:1596)
... Removed 26 stack frames</div></td></tr></table><p class="totop"><a href="#summary">back to summary</a></p>
<h3 id="m16">tests.HomePage.Test_AddRemoveProduct#addProduct</h3><table class="result"><tr><th class="invisible"/></tr></table><p class="totop"><a href="#summary">back to summary</a></p>
<h3 id="m17">tests.HomePage.Test_CheckQuantityInCart#checkQuantity</h3><table class="result"><tr><th class="invisible"/></tr></table><p class="totop"><a href="#summary">back to summary</a></p>
<h3 id="m18">tests.HomePage.Test_SortOption#testSortByNameAToZ</h3><table class="result"><tr><th class="invisible"/></tr></table><p class="totop"><a href="#summary">back to summary</a></p>
<h3 id="m19">tests.HomePage.Test_SortOption#testSortByNameZToA</h3><table class="result"><tr><th class="invisible"/></tr></table><p class="totop"><a href="#summary">back to summary</a></p>
<h3 id="m20">tests.HomePage.Test_SortOption#testSortByPriceHighToLow</h3><table class="result"><tr><th class="invisible"/></tr></table><p class="totop"><a href="#summary">back to summary</a></p>
<h3 id="m21">tests.HomePage.Test_SortOption#testSortByPriceLowToHigh</h3><table class="result"><tr><th class="invisible"/></tr></table><p class="totop"><a href="#summary">back to summary</a></p>
<h2>Login Tests</h2><h3 id="m22">tests.LoginPage.LoginPageTest#invalidLogin_blankFields</h3><table class="result"><tr><th class="invisible"/></tr></table><p class="totop"><a href="#summary">back to summary</a></p>
<h3 id="m23">tests.LoginPage.LoginPageTest#invalidLogin_wrongPassword</h3><table class="result"><tr><th class="invisible"/></tr></table><p class="totop"><a href="#summary">back to summary</a></p>
<h3 id="m24">tests.LoginPage.LoginPageTest#invalidLogin_wrongUsername</h3><table class="result"><tr><th class="invisible"/></tr></table><p class="totop"><a href="#summary">back to summary</a></p>
<h3 id="m25">tests.LoginPage.LoginPageTest#lockedOutUserLogin</h3><table class="result"><tr><th class="invisible"/></tr></table><p class="totop"><a href="#summary">back to summary</a></p>
<h3 id="m26">tests.LoginPage.LoginPageTest#login_withCaseSensitiveUsername</h3><table class="result"><tr><th class="invisible"/></tr></table><p class="totop"><a href="#summary">back to summary</a></p>
<h3 id="m27">tests.LoginPage.LoginPageTest#login_withLongUsername</h3><table class="result"><tr><th class="invisible"/></tr></table><p class="totop"><a href="#summary">back to summary</a></p>
<h3 id="m28">tests.LoginPage.LoginPageTest#login_withSQLInjectionString</h3><table class="result"><tr><th class="invisible"/></tr></table><p class="totop"><a href="#summary">back to summary</a></p>
<h3 id="m29">tests.LoginPage.LoginPageTest#login_withSpacesInUsername</h3><table class="result"><tr><th class="invisible"/></tr></table><p class="totop"><a href="#summary">back to summary</a></p>
<h3 id="m30">tests.LoginPage.LoginPageTest#validLogin_standardUser</h3><table class="result"><tr><th class="invisible"/></tr></table><p class="totop"><a href="#summary">back to summary</a></p>
<h2>Confirmation Tests</h2><h3 id="m31">tests.ConfirmationPage.ConfirmationPageTest#verifyBackHomeNavigation</h3><table class="result"><tr><th class="invisible"/></tr></table><p class="totop"><a href="#summary">back to summary</a></p>
<h3 id="m32">tests.ConfirmationPage.ConfirmationPageTest#verifyOrderConfirmationMessage</h3><table class="result"><tr><th class="invisible"/></tr></table><p class="totop"><a href="#summary">back to summary</a></p>
</body>
</html>
