<?xml version="1.0" encoding="UTF-8"?>
<testng-results ignored="0" total="1" passed="1" failed="0" skipped="0">
  <reporter-output>
  </reporter-output>
  <suite started-at="2025-08-30T16:08:29 IST" name="Suite" finished-at="2025-08-30T16:08:51 IST" duration-ms="22205">
    <groups>
    </groups>
    <test started-at="2025-08-30T16:08:29 IST" name="Login Tests" finished-at="2025-08-30T16:08:51 IST" duration-ms="22205">
      <class name="tests.LoginPage.LoginPageTest">
        <test-method is-config="true" signature="setUp(java.lang.String)[pri:0, instance:tests.LoginPage.LoginPageTest@2df9b86]" started-at="2025-08-30T16:08:29 IST" name="setUp" finished-at="2025-08-30T16:08:36 IST" duration-ms="6953" status="PASS">
          <params>
            <param index="0">
              <value>
                <![CDATA[chrome]]>
              </value>
            </param>
          </params>
          <reporter-output>
          </reporter-output>
        </test-method> <!-- setUp -->
        <test-method is-config="true" signature="beforeClass(java.lang.String,java.lang.String,java.lang.String)[pri:0, instance:tests.LoginPage.LoginPageTest@2df9b86]" started-at="2025-08-30T16:08:36 IST" name="beforeClass" finished-at="2025-08-30T16:08:39 IST" duration-ms="2704" status="PASS">
          <params>
            <param index="0">
              <value>
                <![CDATA[https://www.saucedemo.com/]]>
              </value>
            </param>
            <param index="1">
              <value>
                <![CDATA[standard_user]]>
              </value>
            </param>
            <param index="2">
              <value>
                <![CDATA[secret_sauce]]>
              </value>
            </param>
          </params>
          <reporter-output>
          </reporter-output>
        </test-method> <!-- beforeClass -->
        <test-method signature="LoginUser()[pri:0, instance:tests.LoginPage.LoginPageTest@2df9b86]" started-at="2025-08-30T16:08:39 IST" name="LoginUser" finished-at="2025-08-30T16:08:48 IST" duration-ms="9197" status="PASS">
          <reporter-output>
          </reporter-output>
        </test-method> <!-- LoginUser -->
        <test-method is-config="true" signature="captureFailure(org.testng.ITestResult)[pri:0, instance:tests.LoginPage.LoginPageTest@2df9b86]" started-at="2025-08-30T16:08:48 IST" name="captureFailure" finished-at="2025-08-30T16:08:48 IST" duration-ms="3" status="PASS">
          <params>
            <param index="0">
              <value>
                <![CDATA[[TestResult name=LoginUser status=SUCCESS method=LoginPageTest.LoginUser()[pri:0, instance:tests.LoginPage.LoginPageTest@2df9b86] output={null}]]]>
              </value>
            </param>
          </params>
          <reporter-output>
          </reporter-output>
        </test-method> <!-- captureFailure -->
        <test-method is-config="true" signature="tearDown()[pri:0, instance:tests.LoginPage.LoginPageTest@2df9b86]" started-at="2025-08-30T16:08:48 IST" name="tearDown" finished-at="2025-08-30T16:08:51 IST" duration-ms="3262" status="PASS">
          <reporter-output>
          </reporter-output>
        </test-method> <!-- tearDown -->
      </class> <!-- tests.LoginPage.LoginPageTest -->
    </test> <!-- Login Tests -->
  </suite> <!-- Suite -->
</testng-results>
