<?xml version="1.0" encoding="UTF-8"?>
<testng-results ignored="0" total="1" passed="1" failed="0" skipped="0">
  <reporter-output>
  </reporter-output>
  <suite started-at="2025-08-30T12:28:15 IST" name="Suite" finished-at="2025-08-30T12:28:43 IST" duration-ms="27770">
    <groups>
    </groups>
    <test started-at="2025-08-30T12:28:15 IST" name="Logout Tests" finished-at="2025-08-30T12:28:43 IST" duration-ms="27770">
      <class name="tests.Test_LogOut">
        <test-method is-config="true" signature="setUp(java.lang.String)[pri:0, instance:tests.Test_LogOut@32910148]" started-at="2025-08-30T12:28:15 IST" name="setUp" finished-at="2025-08-30T12:28:28 IST" duration-ms="13400" status="PASS">
          <params>
            <param index="0">
              <value>
                <![CDATA[chrome]]>
              </value>
            </param>
          </params>
          <reporter-output>
          </reporter-output>
        </test-method> <!-- setUp -->
        <test-method is-config="true" signature="beforeClass(java.lang.String,java.lang.String,java.lang.String)[pri:0, instance:tests.Test_LogOut@32910148]" started-at="2025-08-30T12:28:28 IST" name="beforeClass" finished-at="2025-08-30T12:28:40 IST" duration-ms="11660" status="PASS">
          <params>
            <param index="0">
              <value>
                <![CDATA[https://www.saucedemo.com/]]>
              </value>
            </param>
            <param index="1">
              <value>
                <![CDATA[standard_user]]>
              </value>
            </param>
            <param index="2">
              <value>
                <![CDATA[secret_sauce]]>
              </value>
            </param>
          </params>
          <reporter-output>
          </reporter-output>
        </test-method> <!-- beforeClass -->
        <test-method signature="testLogOut()[pri:0, instance:tests.Test_LogOut@32910148]" started-at="2025-08-30T12:28:40 IST" name="testLogOut" finished-at="2025-08-30T12:28:41 IST" duration-ms="1126" status="PASS">
          <reporter-output>
          </reporter-output>
        </test-method> <!-- testLogOut -->
        <test-method is-config="true" signature="captureFailure(org.testng.ITestResult)[pri:0, instance:tests.Test_LogOut@32910148]" started-at="2025-08-30T12:28:41 IST" name="captureFailure" finished-at="2025-08-30T12:28:41 IST" duration-ms="5" status="PASS">
          <params>
            <param index="0">
              <value>
                <![CDATA[[TestResult name=testLogOut status=SUCCESS method=Test_LogOut.testLogOut()[pri:0, instance:tests.Test_LogOut@32910148] output={null}]]]>
              </value>
            </param>
          </params>
          <reporter-output>
          </reporter-output>
        </test-method> <!-- captureFailure -->
        <test-method is-config="true" signature="tearDown()[pri:0, instance:tests.Test_LogOut@32910148]" started-at="2025-08-30T12:28:41 IST" name="tearDown" finished-at="2025-08-30T12:28:43 IST" duration-ms="1420" status="PASS">
          <reporter-output>
          </reporter-output>
        </test-method> <!-- tearDown -->
      </class> <!-- tests.Test_LogOut -->
    </test> <!-- Logout Tests -->
  </suite> <!-- Suite -->
</testng-results>
