<?xml version="1.0" encoding="UTF-8"?>
<!-- Generated by org.testng.reporters.JUnitXMLReporter -->
<testsuite ignored="0" hostname="Rakshit" failures="1" tests="7" name="CartPage Tests" time="36.032" errors="0" timestamp="2025-09-07T22:44:06 IST">
  <testcase classname="tests.CartPage.Test_CartNavigation" name="verifyCartPageOpens" time="10.328"/>
  <testcase classname="tests.CartPage.Test_CartNavigation" name="verifyCartIsEmptyInitially" time="0.167"/>
  <testcase classname="tests.CartPage.Test_CartNavigation" name="verifyContinueShoppingButton" time="1.217"/>
  <testcase classname="tests.CartPage.Test_CartItem" name="verifyAddedProductsAreInCart" time="1.027"/>
  <testcase classname="tests.CartPage.Test_CartItem" name="verifyRemoveProductFromCart" time="0.153"/>
  <testcase classname="tests.CartPage.Test_CartItem" name="verifyCheckoutButtonBehavior" time="0.381">
    <failure type="java.lang.AssertionError" message="❌ Checkout button should be disabled when cart is empty!">
      <![CDATA[java.lang.AssertionError: ❌ Checkout button should be disabled when cart is empty!
at org.junit.Assert.fail(Assert.java:89)
at org.junit.Assert.assertTrue(Assert.java:42)
at org.junit.Assert.assertFalse(Assert.java:65)
at tests.CartPage.Test_CartItem.verifyCheckoutButtonBehavior(Test_CartItem.java:81)
at java.base/java.util.ArrayList.forEach(ArrayList.java:1596)
... Removed 25 stack frames]]>
    </failure>
  </testcase> <!-- verifyCheckoutButtonBehavior -->
  <testcase classname="tests.CartPage.Test_CartCheckout" name="verifyCheckout" time="4.6"/>
</testsuite> <!-- CartPage Tests -->
