<?xml version="1.0" encoding="UTF-8"?>
<!-- Generated by org.testng.reporters.JUnitXMLReporter -->
<testsuite ignored="0" hostname="Rakshit" failures="0" tests="6" name="CartPage Tests" time="35.705" errors="0" timestamp="2025-09-07T23:16:58 IST">
  <testcase classname="tests.CartPage.Test_CartNavigation" name="verifyCartPageOpens" time="10.795"/>
  <testcase classname="tests.CartPage.Test_CartNavigation" name="verifyCartIsEmptyInitially" time="0.124"/>
  <testcase classname="tests.CartPage.Test_CartNavigation" name="verifyContinueShoppingButton" time="0.876"/>
  <testcase classname="tests.CartPage.Test_CartItem" name="verifyAddedProductsAreInCart" time="0.741"/>
  <testcase classname="tests.CartPage.Test_CartItem" name="verifyRemoveProductFromCart" time="0.122"/>
  <testcase classname="tests.CartPage.Test_CartCheckout" name="verifyCheckout" time="4.244"/>
</testsuite> <!-- CartPage Tests -->
