<?xml version="1.0" encoding="UTF-8"?>
<!-- Generated by org.testng.reporters.JUnitXMLReporter -->
<testsuite ignored="0" hostname="Rakshit" failures="0" tests="6" name="CheckoutPage Tests" time="100.203" errors="0" timestamp="2025-09-07T23:18:45 IST">
  <testcase classname="tests.CheckoutPage.Test_verifyForm" name="testCheckoutProcess" time="0.946"/>
  <testcase classname="tests.CheckoutPage.Test_verifyForm" name="testCheckoutProcess" time="10.902"/>
  <testcase classname="tests.CheckoutPage.Test_verifyForm" name="testCheckoutProcess" time="11.416"/>
  <testcase classname="tests.CheckoutPage.Test_verifyForm" name="testCheckoutProcess" time="10.636"/>
  <testcase classname="tests.CheckoutPage.Test_verifyForm" name="testCheckoutProcess" time="10.557"/>
  <testcase classname="tests.CheckoutPage.Test_FinishCheckout" name="testFinishCheckout" time="0.139"/>
</testsuite> <!-- CheckoutPage Tests -->
