<?xml version="1.0" encoding="UTF-8"?>
<!-- Generated by org.testng.reporters.JUnitXMLReporter -->
<testsuite ignored="0" hostname="Rakshit" failures="0" tests="9" name="Confirmation Tests" time="19.822" errors="0" timestamp="2025-09-06T15:47:37 IST">
  <testcase classname="tests.DemoPage" name="validLogin_standardUser" time="1.708"/>
  <testcase classname="tests.DemoPage" name="invalidLogin_wrongPassword" time="1.049"/>
  <testcase classname="tests.DemoPage" name="invalidLogin_wrongUsername" time="0.792"/>
  <testcase classname="tests.DemoPage" name="invalidLogin_blankFields" time="0.712"/>
  <testcase classname="tests.DemoPage" name="lockedOutUserLogin" time="1.241"/>
  <testcase classname="tests.DemoPage" name="login_withSpacesInUsername" time="0.906"/>
  <testcase classname="tests.DemoPage" name="login_withCaseSensitiveUsername" time="0.794"/>
  <testcase classname="tests.DemoPage" name="login_withSQLInjectionString" time="0.764"/>
  <testcase classname="tests.DemoPage" name="login_withLongUsername" time="4.064"/>
</testsuite> <!-- Confirmation Tests -->
