<?xml version="1.0" encoding="UTF-8"?>
<!-- Generated by org.testng.reporters.JUnitXMLReporter -->
<testsuite ignored="0" hostname="Rakshit" failures="0" tests="2" name="Confirmation Tests" time="5.248" errors="0" timestamp="2025-09-07T23:19:44 IST">
  <testcase classname="tests.ConfirmationPage.ConfirmationPageTest" name="verifyOrderConfirmationMessage" time="0.042"/>
  <testcase classname="tests.ConfirmationPage.ConfirmationPageTest" name="verifyBackHomeNavigation" time="0.144"/>
</testsuite> <!-- Confirmation Tests -->
