<?xml version="1.0" encoding="UTF-8"?>
<!-- Generated by org.testng.reporters.JUnitXMLReporter -->
<testsuite ignored="0" hostname="Rakshit" failures="1" tests="7" name="HomePage Tests" time="79.874" errors="0" timestamp="2025-08-30T15:49:20 IST">
  <testcase classname="tests.HomePage.Test_AddRemoveProduct" name="addProduct" time="5.897"/>
  <testcase classname="tests.HomePage.Test_AddRemoveProduct" name="addProductAndRemove" time="6.206">
    <failure type="java.lang.AssertionError" message="Could not remove product: Sauce Labs Backpack">
      <![CDATA[java.lang.AssertionError: Could not remove product: Sauce Labs Backpack
at org.junit.Assert.fail(Assert.java:89)
at pages.HomePage.removeProduct(HomePage.java:107)
at tests.HomePage.Test_AddRemoveProduct.addProductAndRemove(Test_AddRemoveProduct.java:32)
at java.base/java.util.ArrayList.forEach(ArrayList.java:1596)
... Removed 25 stack frames]]>
    </failure>
  </testcase> <!-- addProductAndRemove -->
  <testcase classname="tests.HomePage.Test_CheckQuantityInCart" name="checkQuantity" time="16.212"/>
  <testcase classname="tests.HomePage.Test_SortOption" name="testSortByNameAToZ" time="0.488"/>
  <testcase classname="tests.HomePage.Test_SortOption" name="testSortByNameZToA" time="0.386"/>
  <testcase classname="tests.HomePage.Test_SortOption" name="testSortByPriceLowToHigh" time="0.548"/>
  <testcase classname="tests.HomePage.Test_SortOption" name="testSortByPriceHighToLow" time="0.386"/>
</testsuite> <!-- HomePage Tests -->
