<?xml version="1.0" encoding="UTF-8"?>
<!-- Generated by org.testng.reporters.JUnitXMLReporter -->
<testsuite ignored="0" hostname="Rakshit" failures="1" tests="7" name="HomePage Tests" time="55.057" errors="0" timestamp="2025-09-07T22:47:16 IST">
  <testcase classname="tests.HomePage.Test_AddRemoveProduct" name="addProduct" time="5.353"/>
  <testcase classname="tests.HomePage.Test_AddRemoveProduct" name="addProductAndRemove" time="5.352">
    <failure type="java.lang.AssertionError" message="Could not remove product: Sauce Labs Backpack">
      <![CDATA[java.lang.AssertionError: Could not remove product: Sauce Labs Backpack
at pages.HomePage.removeProducts(HomePage.java:163)
at tests.HomePage.Test_AddRemoveProduct.addProductAndRemove(Test_AddRemoveProduct.java:32)
at java.base/java.util.ArrayList.forEach(ArrayList.java:1596)
... Removed 26 stack frames]]>
    </failure>
  </testcase> <!-- addProductAndRemove -->
  <testcase classname="tests.HomePage.Test_CheckQuantityInCart" name="checkQuantity" time="16.208"/>
  <testcase classname="tests.HomePage.Test_SortOption" name="testSortByNameAToZ" time="0.225"/>
  <testcase classname="tests.HomePage.Test_SortOption" name="testSortByNameZToA" time="0.28"/>
  <testcase classname="tests.HomePage.Test_SortOption" name="testSortByPriceLowToHigh" time="0.324"/>
  <testcase classname="tests.HomePage.Test_SortOption" name="testSortByPriceHighToLow" time="1.216"/>
</testsuite> <!-- HomePage Tests -->
