<?xml version="1.0" encoding="UTF-8"?>
<!-- Generated by org.testng.reporters.JUnitXMLReporter -->
<testsuite ignored="0" hostname="Rakshit" failures="0" tests="9" name="Login Tests" time="11.184" errors="0" timestamp="2025-09-07T23:19:38 IST">
  <testcase classname="tests.LoginPage.LoginPageTest" name="validLogin_standardUser" time="1.924"/>
  <testcase classname="tests.LoginPage.LoginPageTest" name="invalidLogin_wrongPassword" time="0.602"/>
  <testcase classname="tests.LoginPage.LoginPageTest" name="invalidLogin_wrongUsername" time="0.659"/>
  <testcase classname="tests.LoginPage.LoginPageTest" name="invalidLogin_blankFields" time="0.478"/>
  <testcase classname="tests.LoginPage.LoginPageTest" name="lockedOutUserLogin" time="0.574"/>
  <testcase classname="tests.LoginPage.LoginPageTest" name="login_withSpacesInUsername" time="0.644"/>
  <testcase classname="tests.LoginPage.LoginPageTest" name="login_withCaseSensitiveUsername" time="0.612"/>
  <testcase classname="tests.LoginPage.LoginPageTest" name="login_withSQLInjectionString" time="0.48"/>
  <testcase classname="tests.LoginPage.LoginPageTest" name="login_withLongUsername" time="2.561"/>
</testsuite> <!-- Login Tests -->
