<?xml version="1.0" encoding="UTF-8"?>
<!-- Generated by org.testng.reporters.JUnitXMLReporter -->
<testsuite ignored="0" hostname="Rakshit" failures="0" tests="9" name="Login Tests" time="14.676" errors="0" timestamp="2025-09-07T22:47:30 IST">
  <testcase classname="tests.LoginPage.LoginPageTest" name="validLogin_standardUser" time="1.494"/>
  <testcase classname="tests.LoginPage.LoginPageTest" name="invalidLogin_wrongPassword" time="0.768"/>
  <testcase classname="tests.LoginPage.LoginPageTest" name="invalidLogin_wrongUsername" time="0.711"/>
  <testcase classname="tests.LoginPage.LoginPageTest" name="invalidLogin_blankFields" time="0.636"/>
  <testcase classname="tests.LoginPage.LoginPageTest" name="lockedOutUserLogin" time="0.683"/>
  <testcase classname="tests.LoginPage.LoginPageTest" name="login_withSpacesInUsername" time="1.103"/>
  <testcase classname="tests.LoginPage.LoginPageTest" name="login_withCaseSensitiveUsername" time="0.684"/>
  <testcase classname="tests.LoginPage.LoginPageTest" name="login_withSQLInjectionString" time="0.646"/>
  <testcase classname="tests.LoginPage.LoginPageTest" name="login_withLongUsername" time="2.987"/>
</testsuite> <!-- Login Tests -->
